#! /usr/bin/vvp
:ivl_version "11.0 (stable)";
:ivl_delay_selection "TYPICAL";
:vpi_time_precision + 0;
:vpi_module "/usr/lib/x86_64-linux-gnu/ivl/system.vpi";
:vpi_module "/usr/lib/x86_64-linux-gnu/ivl/vhdl_sys.vpi";
:vpi_module "/usr/lib/x86_64-linux-gnu/ivl/vhdl_textio.vpi";
:vpi_module "/usr/lib/x86_64-linux-gnu/ivl/v2005_math.vpi";
:vpi_module "/usr/lib/x86_64-linux-gnu/ivl/va_math.vpi";
S_0x558fa3e34050 .scope module, "half_adder_and_sub_test" "half_adder_and_sub_test" 2 1;
 .timescale 0 0;
v0x558fa3e491e0_0 .var "a", 0 0;
v0x558fa3e492f0_0 .var "b", 0 0;
v0x558fa3e49400_0 .net "bout", 0 0, L_0x558fa3e49960;  1 drivers
v0x558fa3e494a0_0 .net "carry", 0 0, L_0x558fa3e497c0;  1 drivers
v0x558fa3e49540_0 .net "diff", 0 0, L_0x558fa3e49880;  1 drivers
v0x558fa3e49630_0 .net "sum", 0 0, L_0x558fa3e49700;  1 drivers
S_0x558fa3e341e0 .scope module, "uut1" "half_adder" 2 6, 3 1 0, S_0x558fa3e34050;
 .timescale 0 0;
    .port_info 0 /INPUT 1 "a";
    .port_info 1 /INPUT 1 "b";
    .port_info 2 /OUTPUT 1 "sum";
    .port_info 3 /OUTPUT 1 "carry";
L_0x558fa3e49700 .functor XOR 1, v0x558fa3e491e0_0, v0x558fa3e492f0_0, C4<0>, C4<0>;
L_0x558fa3e497c0 .functor AND 1, v0x558fa3e491e0_0, v0x558fa3e492f0_0, C4<1>, C4<1>;
v0x558fa3e35480_0 .net "a", 0 0, v0x558fa3e491e0_0;  1 drivers
v0x558fa3e48890_0 .net "b", 0 0, v0x558fa3e492f0_0;  1 drivers
v0x558fa3e48950_0 .net "carry", 0 0, L_0x558fa3e497c0;  alias, 1 drivers
v0x558fa3e489f0_0 .net "sum", 0 0, L_0x558fa3e49700;  alias, 1 drivers
S_0x558fa3e48b30 .scope module, "uut2" "half_sub" 2 7, 3 9 0, S_0x558fa3e34050;
 .timescale 0 0;
    .port_info 0 /INPUT 1 "a";
    .port_info 1 /INPUT 1 "b";
    .port_info 2 /OUTPUT 1 "diff";
    .port_info 3 /OUTPUT 1 "bout";
L_0x558fa3e49880 .functor XOR 1, v0x558fa3e491e0_0, v0x558fa3e492f0_0, C4<0>, C4<0>;
L_0x558fa3e498f0 .functor NOT 1, v0x558fa3e491e0_0, C4<0>, C4<0>, C4<0>;
L_0x558fa3e49960 .functor AND 1, L_0x558fa3e498f0, v0x558fa3e492f0_0, C4<1>, C4<1>;
v0x558fa3e48da0_0 .net *"_ivl_2", 0 0, L_0x558fa3e498f0;  1 drivers
v0x558fa3e48e80_0 .net "a", 0 0, v0x558fa3e491e0_0;  alias, 1 drivers
v0x558fa3e48f40_0 .net "b", 0 0, v0x558fa3e492f0_0;  alias, 1 drivers
v0x558fa3e49010_0 .net "bout", 0 0, L_0x558fa3e49960;  alias, 1 drivers
v0x558fa3e490b0_0 .net "diff", 0 0, L_0x558fa3e49880;  alias, 1 drivers
    .scope S_0x558fa3e34050;
T_0 ;
    %vpi_call 2 12 "$dumpfile", "test.vcd" {0 0 0};
    %vpi_call 2 13 "$dumpvars", 32'sb00000000000000000000000000000000, S_0x558fa3e34050 {0 0 0};
    %pushi/vec4 0, 0, 1;
    %store/vec4 v0x558fa3e491e0_0, 0, 1;
    %pushi/vec4 0, 0, 1;
    %store/vec4 v0x558fa3e492f0_0, 0, 1;
    %delay 10, 0;
    %pushi/vec4 0, 0, 1;
    %store/vec4 v0x558fa3e491e0_0, 0, 1;
    %pushi/vec4 1, 0, 1;
    %store/vec4 v0x558fa3e492f0_0, 0, 1;
    %delay 10, 0;
    %pushi/vec4 1, 0, 1;
    %store/vec4 v0x558fa3e491e0_0, 0, 1;
    %pushi/vec4 0, 0, 1;
    %store/vec4 v0x558fa3e492f0_0, 0, 1;
    %delay 10, 0;
    %pushi/vec4 1, 0, 1;
    %store/vec4 v0x558fa3e491e0_0, 0, 1;
    %pushi/vec4 1, 0, 1;
    %store/vec4 v0x558fa3e492f0_0, 0, 1;
    %delay 10, 0;
    %vpi_call 2 21 "$finish" {0 0 0};
    %end;
    .thread T_0;
# The file index is used to find the file name in the following table.
:file_names 4;
    "N/A";
    "<interactive>";
    "tb.v";
    "half_adder.v";
